0 info it worked if it ends with ok
1 verbose cli [ '/usr/local/Cellar/node/7.4.0/bin/node',
1 verbose cli   '/usr/local/bin/npm',
1 verbose cli   'run',
1 verbose cli   'babel' ]
2 info using npm@4.0.5
3 info using node@v7.4.0
4 verbose run-script [ 'prebabel', 'babel', 'postbabel' ]
5 info lifecycle kicking_and_screaming@1.0.0~prebabel: kicking_and_screaming@1.0.0
6 silly lifecycle kicking_and_screaming@1.0.0~prebabel: no script for prebabel, continuing
7 info lifecycle kicking_and_screaming@1.0.0~babel: kicking_and_screaming@1.0.0
8 verbose lifecycle kicking_and_screaming@1.0.0~babel: unsafe-perm in lifecycle true
9 verbose lifecycle kicking_and_screaming@1.0.0~babel: PATH: /usr/local/lib/node_modules/npm/bin/node-gyp-bin:/Users/sisuser/Desktop/kicking_and_screaming/node_modules/.bin:/usr/local/sbin:/Users/sisuser/bin:/usr/local/bin:/Users/sisuser/.composer/vendor/bin:/usr/local/sbin:/Users/sisuser/.composer/vendor/bin:/usr/local/bin:/usr/bin:/bin:/usr/sbin:/sbin
10 verbose lifecycle kicking_and_screaming@1.0.0~babel: CWD: /Users/sisuser/Desktop/kicking_and_screaming
11 silly lifecycle kicking_and_screaming@1.0.0~babel: Args: [ '-c',
11 silly lifecycle   'babel --presets es2015 public/index.js -o public/index.bundle.js' ]
12 info lifecycle kicking_and_screaming@1.0.0~babel: Failed to exec babel script
13 verbose stack Error: kicking_and_screaming@1.0.0 babel: `babel --presets es2015 public/index.js -o public/index.bundle.js`
13 verbose stack spawn ENOENT
13 verbose stack     at ChildProcess.<anonymous> (/usr/local/lib/node_modules/npm/lib/utils/spawn.js:33:16)
13 verbose stack     at emitTwo (events.js:106:13)
13 verbose stack     at ChildProcess.emit (events.js:191:7)
13 verbose stack     at maybeClose (internal/child_process.js:885:16)
13 verbose stack     at Process.ChildProcess._handle.onexit (internal/child_process.js:226:5)
14 verbose pkgid kicking_and_screaming@1.0.0
15 verbose cwd /Users/sisuser/Desktop/kicking_and_screaming
16 error Darwin 16.5.0
17 error argv "/usr/local/Cellar/node/7.4.0/bin/node" "/usr/local/bin/npm" "run" "babel"
18 error node v7.4.0
19 error npm  v4.0.5
20 error file sh
21 error code ELIFECYCLE
22 error errno ENOENT
23 error syscall spawn
24 error kicking_and_screaming@1.0.0 babel: `babel --presets es2015 public/index.js -o public/index.bundle.js`
24 error spawn ENOENT
25 error Failed at the kicking_and_screaming@1.0.0 babel script 'babel --presets es2015 public/index.js -o public/index.bundle.js'.
25 error Make sure you have the latest version of node.js and npm installed.
25 error If you do, this is most likely a problem with the kicking_and_screaming package,
25 error not with npm itself.
25 error Tell the author that this fails on your system:
25 error     babel --presets es2015 public/index.js -o public/index.bundle.js
25 error You can get information on how to open an issue for this project with:
25 error     npm bugs kicking_and_screaming
25 error Or if that isn't available, you can get their info via:
25 error     npm owner ls kicking_and_screaming
25 error There is likely additional logging output above.
26 verbose exit [ 1, true ]
